TN:
SF:src/App.jsx
FN:4,fetchStories
FN:18,(anonymous_1)
FN:20,(anonymous_2)
FN:28,(anonymous_3)
FN:29,(anonymous_4)
FN:32,App
FN:37,(anonymous_6)
FN:44,(anonymous_7)
FN:47,(anonymous_8)
FN:49,(anonymous_9)
FN:52,(anonymous_10)
FN:84,(anonymous_11)
FNF:12
FNH:12
FNDA:5,fetchStories
FNDA:3,(anonymous_1)
FNDA:3,(anonymous_2)
FNDA:3,(anonymous_3)
FNDA:3,(anonymous_4)
FNDA:9,App
FNDA:5,(anonymous_6)
FNDA:2,(anonymous_7)
FNDA:5,(anonymous_8)
FNDA:4,(anonymous_9)
FNDA:4,(anonymous_10)
FNDA:2,(anonymous_11)
DA:5,5
DA:10,5
DA:11,2
DA:14,3
DA:15,3
DA:17,3
DA:19,3
DA:21,3
DA:22,3
DA:27,3
DA:28,3
DA:29,3
DA:33,9
DA:34,9
DA:35,9
DA:37,9
DA:38,5
DA:39,5
DA:40,5
DA:42,5
DA:45,2
DA:47,5
DA:49,5
DA:52,9
DA:54,9
DA:55,5
DA:61,4
DA:62,4
DA:77,2
DA:85,2
LF:30
LH:30
BRDA:10,0,0,2
BRDA:10,0,1,3
BRDA:21,1,0,0
BRDA:21,1,1,3
BRDA:45,2,0,2
BRDA:45,2,1,0
BRDA:54,3,0,5
BRDA:54,3,1,4
BRDA:61,4,0,2
BRDA:61,4,1,2
BRF:10
BRH:8
end_of_record
TN:
SF:src/NewsCard.jsx
FN:3,NewsCard
FNF:1
FNH:1
FNDA:6,NewsCard
DA:4,6
DA:21,2
LF:2
LH:2
BRF:0
BRH:0
end_of_record
