TN:
SF:src/App.jsx
FN:5,fetchStories
FN:19,(anonymous_1)
FN:22,(anonymous_2)
FN:29,(anonymous_3)
FN:29,(anonymous_4)
FN:32,App
FN:36,(anonymous_6)
FN:42,(anonymous_7)
FN:47,(anonymous_8)
FN:54,(anonymous_9)
FN:57,(anonymous_10)
FN:59,(anonymous_11)
FN:62,(anonymous_12)
FN:109,(anonymous_13)
FN:109,(anonymous_14)
FN:120,(anonymous_15)
FNF:16
FNH:14
FNDA:5,fetchStories
FNDA:3,(anonymous_1)
FNDA:3,(anonymous_2)
FNDA:3,(anonymous_3)
FNDA:3,(anonymous_4)
FNDA:9,App
FNDA:4,(anonymous_6)
FNDA:4,(anonymous_7)
FNDA:5,(anonymous_8)
FNDA:2,(anonymous_9)
FNDA:5,(anonymous_10)
FNDA:4,(anonymous_11)
FNDA:4,(anonymous_12)
FNDA:0,(anonymous_13)
FNDA:0,(anonymous_14)
FNDA:2,(anonymous_15)
DA:6,5
DA:11,5
DA:12,2
DA:15,3
DA:16,3
DA:18,3
DA:20,3
DA:23,3
DA:24,3
DA:29,3
DA:33,9
DA:34,9
DA:35,9
DA:36,9
DA:37,4
DA:38,4
DA:39,1
DA:42,9
DA:43,4
DA:44,4
DA:47,9
DA:48,5
DA:49,5
DA:50,5
DA:52,5
DA:55,2
DA:57,5
DA:59,5
DA:62,9
DA:64,9
DA:65,5
DA:71,4
DA:72,4
DA:87,2
DA:109,0
DA:121,2
LF:36
LH:35
BRDA:11,0,0,2
BRDA:11,0,1,3
BRDA:23,1,0,0
BRDA:23,1,1,3
BRDA:38,2,0,3
BRDA:38,2,1,1
BRDA:44,3,0,0
BRDA:44,3,1,4
BRDA:55,4,0,2
BRDA:55,4,1,0
BRDA:64,5,0,5
BRDA:64,5,1,4
BRDA:71,6,0,2
BRDA:71,6,1,2
BRDA:113,7,0,0
BRDA:113,7,1,2
BRF:16
BRH:12
end_of_record
TN:
SF:src/NewsCard.jsx
FN:3,NewsCard
FNF:1
FNH:1
FNDA:6,NewsCard
DA:4,6
DA:21,2
LF:2
LH:2
BRF:0
BRH:0
end_of_record
